<?xml version="1.0" encoding="UTF-8"?>
<testng-results ignored="0" total="6" passed="6" failed="0" skipped="0">
  <reporter-output>
  </reporter-output>
  <suite started-at="2025-04-11T13:24:00 IST" name="Suite" finished-at="2025-04-11T13:24:53 IST" duration-ms="52699">
    <groups>
      <group name="cucumber">
        <method signature="AbstractTestNGCucumberTests.runScenario(io.cucumber.testng.PickleWrapper,io.cucumber.testng.FeatureWrapper)[pri:0, instance:com.runnerfile.runnerdemo@38102d01]" name="runScenario" class="io.cucumber.testng.AbstractTestNGCucumberTests"/>
      </group> <!-- cucumber -->
    </groups>
    <test started-at="2025-04-11T13:24:00 IST" name="Test" finished-at="2025-04-11T13:24:53 IST" duration-ms="52699">
      <class name="com.runnerfile.runnerdemo">
        <test-method is-config="true" signature="setUpClass(org.testng.ITestContext)[pri:0, instance:com.runnerfile.runnerdemo@38102d01]" started-at="2025-04-11T13:24:00 IST" name="setUpClass" finished-at="2025-04-11T13:24:02 IST" duration-ms="1882" status="PASS">
          <params>
            <param index="0">
              <value>
                <![CDATA[org.testng.TestRunner@30228de7]]>
              </value>
            </param>
          </params>
          <reporter-output>
          </reporter-output>
        </test-method> <!-- setUpClass -->
        <test-method signature="runScenario(io.cucumber.testng.PickleWrapper,io.cucumber.testng.FeatureWrapper)[pri:0, instance:com.runnerfile.runnerdemo@38102d01]" started-at="2025-04-11T13:24:02 IST" name="runScenario" description="Runs Cucumber Scenarios" data-provider="scenarios" finished-at="2025-04-11T13:24:12 IST" duration-ms="10277" status="PASS">
          <params>
            <param index="0">
              <value>
                <![CDATA["Log in the application with valid credentials"]]>
              </value>
            </param>
            <param index="1">
              <value>
                <![CDATA["Log in the Application"]]>
              </value>
            </param>
          </params>
          <reporter-output>
          </reporter-output>
        </test-method> <!-- runScenario -->
        <test-method signature="runScenario(io.cucumber.testng.PickleWrapper,io.cucumber.testng.FeatureWrapper)[pri:0, instance:com.runnerfile.runnerdemo@38102d01]" started-at="2025-04-11T13:24:12 IST" name="runScenario" description="Runs Cucumber Scenarios" data-provider="scenarios" finished-at="2025-04-11T13:24:20 IST" duration-ms="7393" status="PASS">
          <params>
            <param index="0">
              <value>
                <![CDATA["Log in the application with valid credentials"]]>
              </value>
            </param>
            <param index="1">
              <value>
                <![CDATA["Log in the Application"]]>
              </value>
            </param>
          </params>
          <reporter-output>
          </reporter-output>
        </test-method> <!-- runScenario -->
        <test-method signature="runScenario(io.cucumber.testng.PickleWrapper,io.cucumber.testng.FeatureWrapper)[pri:0, instance:com.runnerfile.runnerdemo@38102d01]" started-at="2025-04-11T13:24:20 IST" name="runScenario" description="Runs Cucumber Scenarios" data-provider="scenarios" finished-at="2025-04-11T13:24:27 IST" duration-ms="7185" status="PASS">
          <params>
            <param index="0">
              <value>
                <![CDATA["Log in the application with Invalid credentials"]]>
              </value>
            </param>
            <param index="1">
              <value>
                <![CDATA["Log in the Application"]]>
              </value>
            </param>
          </params>
          <reporter-output>
          </reporter-output>
        </test-method> <!-- runScenario -->
        <test-method signature="runScenario(io.cucumber.testng.PickleWrapper,io.cucumber.testng.FeatureWrapper)[pri:0, instance:com.runnerfile.runnerdemo@38102d01]" started-at="2025-04-11T13:24:27 IST" name="runScenario" description="Runs Cucumber Scenarios" data-provider="scenarios" finished-at="2025-04-11T13:24:34 IST" duration-ms="7163" status="PASS">
          <params>
            <param index="0">
              <value>
                <![CDATA["Log in the application with Invalid credentials"]]>
              </value>
            </param>
            <param index="1">
              <value>
                <![CDATA["Log in the Application"]]>
              </value>
            </param>
          </params>
          <reporter-output>
          </reporter-output>
        </test-method> <!-- runScenario -->
        <test-method signature="runScenario(io.cucumber.testng.PickleWrapper,io.cucumber.testng.FeatureWrapper)[pri:0, instance:com.runnerfile.runnerdemo@38102d01]" started-at="2025-04-11T13:24:34 IST" name="runScenario" description="Runs Cucumber Scenarios" data-provider="scenarios" finished-at="2025-04-11T13:24:41 IST" duration-ms="7015" status="PASS">
          <params>
            <param index="0">
              <value>
                <![CDATA["Log in the application with Invalid credentials"]]>
              </value>
            </param>
            <param index="1">
              <value>
                <![CDATA["Log in the Application"]]>
              </value>
            </param>
          </params>
          <reporter-output>
          </reporter-output>
        </test-method> <!-- runScenario -->
        <test-method signature="runScenario(io.cucumber.testng.PickleWrapper,io.cucumber.testng.FeatureWrapper)[pri:0, instance:com.runnerfile.runnerdemo@38102d01]" started-at="2025-04-11T13:24:41 IST" name="runScenario" description="Runs Cucumber Scenarios" data-provider="scenarios" finished-at="2025-04-11T13:24:49 IST" duration-ms="7789" status="PASS">
          <params>
            <param index="0">
              <value>
                <![CDATA["user enter the required field for registration"]]>
              </value>
            </param>
            <param index="1">
              <value>
                <![CDATA["Register with required fields in the Application"]]>
              </value>
            </param>
          </params>
          <reporter-output>
          </reporter-output>
        </test-method> <!-- runScenario -->
        <test-method is-config="true" signature="tearDownClass()[pri:0, instance:com.runnerfile.runnerdemo@38102d01]" started-at="2025-04-11T13:24:49 IST" name="tearDownClass" finished-at="2025-04-11T13:24:53 IST" duration-ms="3887" status="PASS">
          <reporter-output>
          </reporter-output>
        </test-method> <!-- tearDownClass -->
      </class> <!-- com.runnerfile.runnerdemo -->
    </test> <!-- Test -->
  </suite> <!-- Suite -->
</testng-results>
